# JRE version: OpenJDK Runtime Environment Temurin-17.0.10+7 (17.0.10+7) (build 17.0.10+7)
# Java VM: OpenJDK 64-Bit Server VM Temurin-17.0.10+7 (17.0.10+7, mixed mode, emulated-client, tiered, compressed oops, compressed class ptrs, g1 gc, windows-amd64)
GC Precious Log:
 CPUs: 4 total, 4 available
 Memory: 8066M
 Large Page Support: Disabled
 NUMA Support: Disabled
 Compressed Oops: Enabled (32-bit)
 Heap Region Size: 1M
 Heap Min Capacity: 8M
 Heap Initial Capacity: 128M
 Heap Max Capacity: 1G
 Pre-touch: Disabled
 Parallel Workers: 4
 Concurrent Workers: 1
 Concurrent Refinement Workers: 4
 Periodic GC: Disabled
Heap:
 garbage-first heap   total 71680K, used 39503K [0x00000000c0000000, 0x0000000100000000)
  region size 1024K, 18 young (18432K), 2 survivors (2048K)
 Metaspace       used 33058K, committed 33408K, reserved 1114112K
  class space    used 4221K, committed 4416K, reserved 1048576K
GC Heap History (14 events):
Event: 197.601 GC heap before
{Heap before GC invocations=0 (full 0):
 garbage-first heap   total 131072K, used 16384K [0x00000000c0000000, 0x0000000100000000)
  region size 1024K, 13 young (13312K), 0 survivors (0K)
 Metaspace       used 5762K, committed 5888K, reserved 1114112K
  class space    used 552K, committed 640K, reserved 1048576K
}
Event: 197.638 GC heap after
{Heap after GC invocations=1 (full 0):
 garbage-first heap   total 131072K, used 12015K [0x00000000c0000000, 0x0000000100000000)
  region size 1024K, 2 young (2048K), 2 survivors (2048K)
 Metaspace       used 5762K, committed 5888K, reserved 1114112K
  class space    used 552K, committed 640K, reserved 1048576K
}
Event: 227.924 GC heap before
{Heap before GC invocations=1 (full 0):
 garbage-first heap   total 131072K, used 22255K [0x00000000c0000000, 0x0000000100000000)
  region size 1024K, 10 young (10240K), 2 survivors (2048K)
 Metaspace       used 7858K, committed 8000K, reserved 1114112K
  class space    used 840K, committed 896K, reserved 1048576K
}
Event: 227.928 GC heap after
{Heap after GC invocations=2 (full 0):
 garbage-first heap   total 131072K, used 15670K [0x00000000c0000000, 0x0000000100000000)
  region size 1024K, 2 young (2048K), 2 survivors (2048K)
 Metaspace       used 7858K, committed 8000K, reserved 1114112K
  class space    used 840K, committed 896K, reserved 1048576K
}
Event: 275.994 GC heap before
{Heap before GC invocations=2 (full 0):
 garbage-first heap   total 131072K, used 31030K [0x00000000c0000000, 0x0000000100000000)
  region size 1024K, 17 young (17408K), 2 survivors (2048K)
 Metaspace       used 11951K, committed 12224K, reserved 1114112K
  class space    used 1461K, committed 1600K, reserved 1048576K
}
Event: 275.997 GC heap after
{Heap after GC invocations=3 (full 0):
 garbage-first heap   total 131072K, used 16715K [0x00000000c0000000, 0x0000000100000000)
  region size 1024K, 3 young (3072K), 3 survivors (3072K)
 Metaspace       used 11951K, committed 12224K, reserved 1114112K
  class space    used 1461K, committed 1600K, reserved 1048576K
}
Event: 310.359 GC heap before
{Heap before GC invocations=3 (full 0):
 garbage-first heap   total 131072K, used 56651K [0x00000000c0000000, 0x0000000100000000)
  region size 1024K, 43 young (44032K), 3 survivors (3072K)
 Metaspace       used 21289K, committed 21504K, reserved 1114112K
  class space    used 2613K, committed 2752K, reserved 1048576K
}
Event: 310.384 GC heap after
{Heap after GC invocations=4 (full 0):
 garbage-first heap   total 131072K, used 20211K [0x00000000c0000000, 0x0000000100000000)
  region size 1024K, 6 young (6144K), 6 survivors (6144K)
 Metaspace       used 21289K, committed 21504K, reserved 1114112K
  class space    used 2613K, committed 2752K, reserved 1048576K
}
Event: 340.132 GC heap before
{Heap before GC invocations=5 (full 0):
 garbage-first heap   total 71680K, used 56051K [0x00000000c0000000, 0x0000000100000000)
  region size 1024K, 42 young (43008K), 6 survivors (6144K)
 Metaspace       used 27511K, committed 27776K, reserved 1114112K
  class space    used 3436K, committed 3520K, reserved 1048576K
}
Event: 340.141 GC heap after
{Heap after GC invocations=6 (full 0):
 garbage-first heap   total 71680K, used 23581K [0x00000000c0000000, 0x0000000100000000)
  region size 1024K, 4 young (4096K), 4 survivors (4096K)
 Metaspace       used 27511K, committed 27776K, reserved 1114112K
  class space    used 3436K, committed 3520K, reserved 1048576K
}
Event: 345.029 GC heap before
{Heap before GC invocations=6 (full 0):
 garbage-first heap   total 71680K, used 23581K [0x00000000c0000000, 0x0000000100000000)
  region size 1024K, 5 young (5120K), 4 survivors (4096K)
 Metaspace       used 27766K, committed 28032K, reserved 1114112K
  class space    used 3457K, committed 3584K, reserved 1048576K
}
Event: 345.039 GC heap after
{Heap after GC invocations=7 (full 0):
 garbage-first heap   total 71680K, used 23916K [0x00000000c0000000, 0x0000000100000000)
  region size 1024K, 1 young (1024K), 1 survivors (1024K)
 Metaspace       used 27766K, committed 28032K, reserved 1114112K
  class space    used 3457K, committed 3584K, reserved 1048576K
}
Event: 417.856 GC heap before
{Heap before GC invocations=7 (full 0):
 garbage-first heap   total 71680K, used 47468K [0x00000000c0000000, 0x0000000100000000)
  region size 1024K, 25 young (25600K), 1 survivors (1024K)
 Metaspace       used 31507K, committed 31872K, reserved 1114112K
  class space    used 3987K, committed 4160K, reserved 1048576K
}
Event: 417.862 GC heap after
{Heap after GC invocations=8 (full 0):
 garbage-first heap   total 71680K, used 25167K [0x00000000c0000000, 0x0000000100000000)
  region size 1024K, 2 young (2048K), 2 survivors (2048K)
 Metaspace       used 31507K, committed 31872K, reserved 1114112K
  class space    used 3987K, committed 4160K, reserved 1048576K
}

